Using pre-set license
Built from '2020.3/release' branch; Version is '2020.3.31f1 (6b54b7616050) revision 7034039'; Using compiler version '192528614'; Build Type 'Release'
OS: 'Windows 11  (10.0.22000) 64bit Core' Language: 'da' Physical Memory: 15741 MB
BatchMode: 1, IsHumanControllingUs: 0, StartBugReporterOnCrash: 0, Is64bit: 1, IsPro: 0

COMMAND LINE ARGUMENTS:
C:\Program Files\Unity\Hub\Editor\2020.3.31f1\Editor\Unity.exe
-adb2
-batchMode
-noUpm
-name
AssetImportWorker0
-projectPath
C:/Users/Opstart/Desktop/Sensor.test
-logFile
Logs/AssetImportWorker0.log
-srvPort
60337
Successfully changed project path to: C:/Users/Opstart/Desktop/Sensor.test
C:/Users/Opstart/Desktop/Sensor.test
Using Asset Import Pipeline V2.
Refreshing native plugins compatible for Editor in 49.68 ms, found 3 plugins.
Preloading 0 native plugins for Editor in 0.00 ms.
Initialize engine version: 2020.3.31f1 (6b54b7616050)
[Subsystems] Discovering subsystems at path C:/Program Files/Unity/Hub/Editor/2020.3.31f1/Editor/Data/Resources/UnitySubsystems
[Subsystems] Discovering subsystems at path C:/Users/Opstart/Desktop/Sensor.test/Assets
GfxDevice: creating device client; threaded=0
Direct3D:
    Version:  Direct3D 11.0 [level 11.1]
    Renderer: AMD Radeon(TM) Graphics (ID=0x1636)
    Vendor:   
    VRAM:     7870 MB
    Driver:   30.0.13023.4001
Initialize mono
Mono path[0] = 'C:/Program Files/Unity/Hub/Editor/2020.3.31f1/Editor/Data/Managed'
Mono path[1] = 'C:/Program Files/Unity/Hub/Editor/2020.3.31f1/Editor/Data/MonoBleedingEdge/lib/mono/unityjit'
Mono config path = 'C:/Program Files/Unity/Hub/Editor/2020.3.31f1/Editor/Data/MonoBleedingEdge/etc'
Using monoOptions --debugger-agent=transport=dt_socket,embedding=1,server=y,suspend=n,address=127.0.0.1:56824
Begin MonoManager ReloadAssembly
Registering precompiled unity dll's ...
Register platform support module: C:/Program Files/Unity/Hub/Editor/2020.3.31f1/Editor/Data/PlaybackEngines/WindowsStandaloneSupport/UnityEditor.WindowsStandalone.Extensions.dll
Registered in 0.001291 seconds.
Native extension for WindowsStandalone target not found
Refreshing native plugins compatible for Editor in 43.86 ms, found 3 plugins.
Preloading 0 native plugins for Editor in 0.00 ms.
Mono: successfully reloaded assembly
- Completed reload, in  0.551 seconds
Domain Reload Profiling:
	ReloadAssembly (551ms)
		BeginReloadAssembly (53ms)
			ExecutionOrderSort (0ms)
			DisableScriptedObjects (0ms)
			BackupInstance (0ms)
			ReleaseScriptingObjects (0ms)
			CreateAndSetChildDomain (1ms)
		EndReloadAssembly (435ms)
			LoadAssemblies (52ms)
			RebuildTransferFunctionScriptingTraits (0ms)
			SetupTypeCache (126ms)
			ReleaseScriptCaches (0ms)
			RebuildScriptCaches (26ms)
			SetupLoadedEditorAssemblies (155ms)
				LogAssemblyErrors (0ms)
				InitializePlatformSupportModulesInManaged (4ms)
				SetLoadedEditorAssemblies (0ms)
				RefreshPlugins (44ms)
				BeforeProcessingInitializeOnLoad (12ms)
				ProcessInitializeOnLoadAttributes (71ms)
				ProcessInitializeOnLoadMethodAttributes (24ms)
				AfterProcessingInitializeOnLoad (0ms)
				EditorAssembliesLoaded (0ms)
			ExecutionOrderSort2 (0ms)
			AwakeInstancesAfterBackupRestoration (0ms)
Platform modules already initialized, skipping
Registering precompiled user dll's ...
Registered in 0.002598 seconds.
Begin MonoManager ReloadAssembly
Error: Could not load signature of iOSNotificationPostProcessor:ShouldAddSettingToPlist due to: Could not load file or assembly 'UnityEditor.iOS.Extensions.Xcode, Version=1.0.0.0, Culture=neutral, PublicKeyToken=null' or one of its dependencies. assembly:UnityEditor.iOS.Extensions.Xcode, Version=1.0.0.0, Culture=neutral, PublicKeyToken=null type:<unknown type> member:(null) signature:<none>
0x00007ff67a04e54c (Unity) StackWalker::GetCurrentCallstack
0x00007ff67a055b49 (Unity) StackWalker::ShowCallstack
0x00007ff67ade629c (Unity) GetStacktrace
0x00007ff67b8431d7 (Unity) DebugStringToFile
0x00007ff679f3f5ab (Unity) ScanForAttributesAndInterfaceImplementations
0x00007ff679f665b3 (Unity) MonoManager::SetupTypeCache
0x00007ff679f5cae3 (Unity) MonoManager::EndReloadAssembly
0x00007ff679f63fd7 (Unity) MonoManager::ReloadAssembly
0x00007ff67ac8f7b1 (Unity) LoadDomainAndUserAssemblies
0x00007ff67ac8fe19 (Unity) LoadUserAssemblies
0x00007ff67a971534 (Unity) Application::InitializeProject
0x00007ff67adf0622 (Unity) WinMain
0x00007ff67c48df4e (Unity) __scrt_common_main_seh
0x00007ffdbeb654e0 (KERNEL32) BaseThreadInitThunk
0x00007ffdbfdc485b (ntdll) RtlUserThreadStart

Unloading broken assembly Library/ScriptAssemblies/Unity.Notifications.dll, this assembly can cause crashes in the runtime
0x00007ff67a04e54c (Unity) StackWalker::GetCurrentCallstack
0x00007ff67a055b49 (Unity) StackWalker::ShowCallstack
0x00007ff67ade629c (Unity) GetStacktrace
0x00007ff67b8431d7 (Unity) DebugStringToFile
0x00007ff679f65d45 (Unity) MonoManager::SetupLoadedEditorAssemblies
0x00007ff679f5ce71 (Unity) MonoManager::EndReloadAssembly
0x00007ff679f63fd7 (Unity) MonoManager::ReloadAssembly
0x00007ff67ac8f7b1 (Unity) LoadDomainAndUserAssemblies
0x00007ff67ac8fe19 (Unity) LoadUserAssemblies
0x00007ff67a971534 (Unity) Application::InitializeProject
0x00007ff67adf0622 (Unity) WinMain
0x00007ff67c48df4e (Unity) __scrt_common_main_seh
0x00007ffdbeb654e0 (KERNEL32) BaseThreadInitThunk
0x00007ffdbfdc485b (ntdll) RtlUserThreadStart

Native extension for WindowsStandalone target not found
Refreshing native plugins compatible for Editor in 46.28 ms, found 3 plugins.
Preloading 0 native plugins for Editor in 0.00 ms.
Mono: successfully reloaded assembly
- Completed reload, in  1.143 seconds
Domain Reload Profiling:
	ReloadAssembly (1144ms)
		BeginReloadAssembly (135ms)
			ExecutionOrderSort (0ms)
			DisableScriptedObjects (4ms)
			BackupInstance (0ms)
			ReleaseScriptingObjects (0ms)
			CreateAndSetChildDomain (20ms)
		EndReloadAssembly (956ms)
			LoadAssemblies (89ms)
			RebuildTransferFunctionScriptingTraits (0ms)
			SetupTypeCache (396ms)
			ReleaseScriptCaches (1ms)
			RebuildScriptCaches (44ms)
			SetupLoadedEditorAssemblies (333ms)
				LogAssemblyErrors (24ms)
				InitializePlatformSupportModulesInManaged (4ms)
				SetLoadedEditorAssemblies (0ms)
				RefreshPlugins (46ms)
				BeforeProcessingInitializeOnLoad (72ms)
				ProcessInitializeOnLoadAttributes (166ms)
				ProcessInitializeOnLoadMethodAttributes (16ms)
				AfterProcessingInitializeOnLoad (4ms)
				EditorAssembliesLoaded (0ms)
			ExecutionOrderSort2 (0ms)
			AwakeInstancesAfterBackupRestoration (5ms)
Platform modules already initialized, skipping
========================================================================
Worker process is ready to serve import requests
Launched and connected shader compiler UnityShaderCompiler.exe after 0.05 seconds
Refreshing native plugins compatible for Editor in 0.65 ms, found 3 plugins.
Preloading 0 native plugins for Editor in 0.00 ms.
Unloading 2311 Unused Serialized files (Serialized files now loaded: 0)
System memory in use before: 100.4 MB.
System memory in use after: 100.6 MB.

Unloading 38 unused Assets to reduce memory usage. Loaded Objects now: 2735.
Total: 4.185900 ms (FindLiveObjects: 0.375100 ms CreateObjectMapping: 0.157600 ms MarkObjects: 3.558900 ms  DeleteObjects: 0.092700 ms)

AssetImportParameters requested are different than current active one (requested -> active):
  custom:framework-win-MediaFoundation: 216162199b28c13a410421893ffa2e32 -> 
  custom:video-decoder-ogg-theora: a1e56fd34408186e4bbccfd4996cb3dc -> 
  custom:container-muxer-webm: aa71ff27fc2769a1b78a27578f13a17b -> 
  custom:container-demuxer-webm: 4f35f7cbe854078d1ac9338744f61a02 -> 
  custom:container-demuxer-ogg: 62fdf1f143b41e24485cea50d1cbac27 -> 
  custom:video-encoder-webm-vp8: eb34c28f22e8b96e1ab97ce403110664 -> 
  custom:video-decoder-webm-vp8: 9c59270c3fd7afecdb556c50c9e8de78 -> 
  custom:audio-decoder-ogg-vorbis: bf7c407c2cedff20999df2af8eb42d56 -> 
  custom:audio-encoder-webm-vorbis: bf7c407c2cedff20999df2af8eb42d56 -> 
========================================================================
Received Import Request.
  path: Assets/test.csv
  artifactKey: Guid(a4c64ccea256deb4d855bdbf94386363) Importer(815301076,1909f56bfc062723c751e8b465ee728b)
Start importing Assets/test.csv using Guid(a4c64ccea256deb4d855bdbf94386363) Importer(815301076,1909f56bfc062723c751e8b465ee728b)  -> (artifact id: 'ca9211b2fccdc3d4a06aabcbc718616d') in 0.041660 seconds 
========================================================================
Received Import Request.
  Time since last request: 3.989111 seconds.
  path: Assets/sensor data button.unity
  artifactKey: Guid(31841112edbe0e946b79051d110b48f6) Importer(815301076,1909f56bfc062723c751e8b465ee728b)
Start importing Assets/sensor data button.unity using Guid(31841112edbe0e946b79051d110b48f6) Importer(815301076,1909f56bfc062723c751e8b465ee728b)  -> (artifact id: 'a72ab69ba0d283abb06e8b9a5d37b952') in 0.008670 seconds 
AssetImportWorkerClient::OnTransportError - code=2 error=End of file
